#
# There is insufficient memory for the Java Runtime Environment to continue.
# Native memory allocation (malloc) failed to allocate 624112 bytes for Chunk::new
# Possible reasons:
#   The system is out of physical RAM or swap space
#   The process is running with CompressedOops enabled, and the Java Heap may be blocking the growth of the native heap
# Possible solutions:
#   Reduce memory load on the system
#   Increase physical memory or swap space
#   Check if swap backing store is full
#   Decrease Java heap size (-Xmx/-Xms)
#   Decrease number of Java threads
#   Decrease Java thread stack sizes (-Xss)
#   Set larger code cache with -XX:ReservedCodeCacheSize=
#   JVM is running with Unscaled Compressed Oops mode in which the Java heap is
#     placed in the first 4GB address space. The Java Heap base address is the
#     maximum limit for the native heap growth. Please use -XX:HeapBaseMinAddress
#     to set the Java Heap base and to place the Java Heap above 4GB virtual address.
# This output file may be truncated or incomplete.
#
#  Out of Memory Error (arena.cpp:191), pid=28860, tid=32900
#
# JRE version: OpenJDK Runtime Environment Temurin-17.0.10+7 (17.0.10+7) (build 17.0.10+7)
# Java VM: OpenJDK 64-Bit Server VM Temurin-17.0.10+7 (17.0.10+7, mixed mode, tiered, compressed oops, compressed class ptrs, parallel gc, windows-amd64)
# No core dump will be written. Minidumps are not enabled by default on client versions of Windows
#

---------------  S U M M A R Y ------------

Command Line: --add-modules=ALL-SYSTEM --add-opens=java.base/java.util=ALL-UNNAMED --add-opens=java.base/java.lang=ALL-UNNAMED --add-opens=java.base/sun.nio.fs=ALL-UNNAMED -Declipse.application=org.eclipse.jdt.ls.core.id1 -Dosgi.bundles.defaultStartLevel=4 -Declipse.product=org.eclipse.jdt.ls.core.product -Djava.import.generatesMetadataFilesAtProjectRoot=false -DDetectVMInstallationsJob.disabled=true -Dfile.encoding=utf8 -XX:+UseParallelGC -XX:GCTimeRatio=4 -XX:AdaptiveSizePolicyWeight=90 -Dsun.zip.disableMemoryMapping=true -Xmx1G -Xms100m -Xlog:disable -javaagent:c:\Users\nosc\.vscode\extensions\redhat.java-1.30.0-win32-x64\lombok\lombok-1.18.32.jar c:\Users\nosc\.vscode\extensions\redhat.java-1.30.0-win32-x64\server\plugins\org.eclipse.equinox.launcher_1.6.800.v20240330-1250.jar -configuration c:\Users\nosc\AppData\Roaming\Code\User\globalStorage\redhat.java\1.30.0\config_ss_win -data c:\Users\nosc\AppData\Roaming\Code\User\workspaceStorage\8458d2a7a5878bf279f96ee59e36062e\redhat.java\ss_ws --pipe=\\.\pipe\lsp-21394c55fb43dd7235abced0d3aedbab-sock

Host: AMD Ryzen 5 4600H with Radeon Graphics         , 12 cores, 7G,  Windows 10 , 64 bit Build 19041 (10.0.19041.3636)
Time: Sat May  4 21:45:49 2024 SE Asia Standard Time elapsed time: 3.984985 seconds (0d 0h 0m 3s)

---------------  T H R E A D  ---------------

Current thread (0x000001e0a62bf0e0):  JavaThread "C2 CompilerThread0" daemon [_thread_in_native, id=32900, stack(0x000000d05cb00000,0x000000d05cc00000)]


Current CompileTask:
C2:   3985 1438       4       java.io.WinNTFileSystem::normalize (143 bytes)

Stack: [0x000000d05cb00000,0x000000d05cc00000]
Native frames: (J=compiled Java code, j=interpreted, Vv=VM code, C=native code)
V  [jvm.dll+0x67d2c9]
V  [jvm.dll+0x834afa]
V  [jvm.dll+0x8365be]
V  [jvm.dll+0x836c23]
V  [jvm.dll+0x2477ff]
V  [jvm.dll+0xac514]
V  [jvm.dll+0xacb5c]
V  [jvm.dll+0x3667d7]
V  [jvm.dll+0x1bcf72]
V  [jvm.dll+0x21a049]
V  [jvm.dll+0x219311]
V  [jvm.dll+0x1a502d]
V  [jvm.dll+0x2290de]
V  [jvm.dll+0x2272ac]
V  [jvm.dll+0x7e9bb7]
V  [jvm.dll+0x7e3fba]
V  [jvm.dll+0x67c1b5]
C  [ucrtbase.dll+0x21bb2]
C  [KERNEL32.DLL+0x17344]
C  [ntdll.dll+0x526b1]


---------------  P R O C E S S  ---------------

Threads class SMR info:
_java_thread_list=0x000001e0a81efcc0, length=14, elements={
0x000001e08d097130, 0x000001e0a0f286c0, 0x000001e0a0f2be80, 0x000001e08d14e750,
0x000001e0a62b7570, 0x000001e0a62b8300, 0x000001e0a62bdc00, 0x000001e0a62bf0e0,
0x000001e0a63258c0, 0x000001e0a6337dd0, 0x000001e08d0f90f0, 0x000001e0a6542810,
0x000001e0a7d07730, 0x000001e0a7a692a0
}

Java Threads: ( => current thread )
  0x000001e08d097130 JavaThread "main" [_thread_in_native, id=36812, stack(0x000000d05c200000,0x000000d05c300000)]
  0x000001e0a0f286c0 JavaThread "Reference Handler" daemon [_thread_blocked, id=11524, stack(0x000000d05c500000,0x000000d05c600000)]
  0x000001e0a0f2be80 JavaThread "Finalizer" daemon [_thread_blocked, id=32848, stack(0x000000d05c600000,0x000000d05c700000)]
  0x000001e08d14e750 JavaThread "Signal Dispatcher" daemon [_thread_blocked, id=18940, stack(0x000000d05c700000,0x000000d05c800000)]
  0x000001e0a62b7570 JavaThread "Attach Listener" daemon [_thread_blocked, id=32884, stack(0x000000d05c800000,0x000000d05c900000)]
  0x000001e0a62b8300 JavaThread "Service Thread" daemon [_thread_blocked, id=20912, stack(0x000000d05c900000,0x000000d05ca00000)]
  0x000001e0a62bdc00 JavaThread "Monitor Deflation Thread" daemon [_thread_blocked, id=36480, stack(0x000000d05ca00000,0x000000d05cb00000)]
=>0x000001e0a62bf0e0 JavaThread "C2 CompilerThread0" daemon [_thread_in_native, id=32900, stack(0x000000d05cb00000,0x000000d05cc00000)]
  0x000001e0a63258c0 JavaThread "C1 CompilerThread0" daemon [_thread_in_vm, id=25552, stack(0x000000d05cc00000,0x000000d05cd00000)]
  0x000001e0a6337dd0 JavaThread "Sweeper thread" daemon [_thread_blocked, id=19764, stack(0x000000d05cd00000,0x000000d05ce00000)]
  0x000001e08d0f90f0 JavaThread "Common-Cleaner" daemon [_thread_blocked, id=33424, stack(0x000000d05ce00000,0x000000d05cf00000)]
  0x000001e0a6542810 JavaThread "Notification Thread" daemon [_thread_blocked, id=24120, stack(0x000000d05cf00000,0x000000d05d000000)]
  0x000001e0a7d07730 JavaThread "Active Thread: Equinox Container: ff88986f-d849-4d9c-ad98-881296763996" [_thread_blocked, id=36372, stack(0x000000d05d700000,0x000000d05d800000)]
  0x000001e0a7a692a0 JavaThread "Framework Event Dispatcher: Equinox Container: ff88986f-d849-4d9c-ad98-881296763996" daemon [_thread_blocked, id=33336, stack(0x000000d05d800000,0x000000d05d900000)]

Other Threads:
  0x000001e08d149ac0 VMThread "VM Thread" [stack: 0x000000d05c400000,0x000000d05c500000] [id=35088]
  0x000001e0a6583870 WatcherThread [stack: 0x000000d05d000000,0x000000d05d100000] [id=34992]
  0x000001e08d0aae00 GCTaskThread "GC Thread#0" [stack: 0x000000d05c300000,0x000000d05c400000] [id=7184]
  0x000001e0a7a51250 GCTaskThread "GC Thread#1" [stack: 0x000000d05d100000,0x000000d05d200000] [id=36568]
  0x000001e0a7ea6450 GCTaskThread "GC Thread#2" [stack: 0x000000d05d200000,0x000000d05d300000] [id=16312]
  0x000001e0a7ea6710 GCTaskThread "GC Thread#3" [stack: 0x000000d05d300000,0x000000d05d400000] [id=30428]
  0x000001e0a7ea69d0 GCTaskThread "GC Thread#4" [stack: 0x000000d05d400000,0x000000d05d500000] [id=24876]
  0x000001e0a7ea6c90 GCTaskThread "GC Thread#5" [stack: 0x000000d05d500000,0x000000d05d600000] [id=1520]
  0x000001e0a81db010 GCTaskThread "GC Thread#6" [stack: 0x000000d05d600000,0x000000d05d700000] [id=28720]

Threads with active compile tasks:
C2 CompilerThread0     4032 1438       4       java.io.WinNTFileSystem::normalize (143 bytes)

VM state: not at safepoint (normal execution)

VM Mutex/Monitor currently owned by a thread: None

Heap address: 0x00000000c0000000, size: 1024 MB, Compressed Oops mode: 32-bit

CDS archive(s) not mapped
Compressed class space mapped at: 0x0000000100000000-0x0000000140000000, reserved size: 1073741824
Narrow klass base: 0x0000000000000000, Narrow klass shift: 3, Narrow klass range: 0x140000000

GC Precious Log:
 CPUs: 12 total, 12 available
 Memory: 7599M
 Large Page Support: Disabled
 NUMA Support: Disabled
 Compressed Oops: Enabled (32-bit)
 Alignments: Space 512K, Generation 512K, Heap 2M
 Heap Min Capacity: 100M
 Heap Initial Capacity: 100M
 Heap Max Capacity: 1G
 Pre-touch: Disabled
 Parallel Workers: 10

Heap:
 PSYoungGen      total 29696K, used 22985K [0x00000000eab00000, 0x00000000ecc00000, 0x0000000100000000)
  eden space 25600K, 77% used [0x00000000eab00000,0x00000000ebe5d3b8,0x00000000ec400000)
  from space 4096K, 77% used [0x00000000ec400000,0x00000000ec715278,0x00000000ec800000)
  to   space 4096K, 0% used [0x00000000ec800000,0x00000000ec800000,0x00000000ecc00000)
 ParOldGen       total 68608K, used 16K [0x00000000c0000000, 0x00000000c4300000, 0x00000000eab00000)
  object space 68608K, 0% used [0x00000000c0000000,0x00000000c0004000,0x00000000c4300000)
 Metaspace       used 13776K, committed 13952K, reserved 1114112K
  class space    used 1367K, committed 1472K, reserved 1048576K

Card table byte_map: [0x000001e08ca30000,0x000001e08cc40000] _byte_map_base: 0x000001e08c430000

Marking Bits: (ParMarkBitMap*) 0x00007ffb17d7d7d0
 Begin Bits: [0x000001e09ed30000, 0x000001e09fd30000)
 End Bits:   [0x000001e09fd30000, 0x000001e0a0d30000)

Polling page: 0x000001e08afe0000

Metaspace:

Usage:
  Non-class:     12.12 MB used.
      Class:      1.34 MB used.
       Both:     13.45 MB used.

Virtual space:
  Non-class space:       64.00 MB reserved,      12.19 MB ( 19%) committed,  1 nodes.
      Class space:        1.00 GB reserved,       1.44 MB ( <1%) committed,  1 nodes.
             Both:        1.06 GB reserved,      13.62 MB (  1%) committed. 

Chunk freelists:
   Non-Class:  3.33 MB
       Class:  14.48 MB
        Both:  17.81 MB

MaxMetaspaceSize: unlimited
CompressedClassSpaceSize: 1.00 GB
Initial GC threshold: 21.00 MB
Current GC threshold: 21.00 MB
CDS: off
MetaspaceReclaimPolicy: balanced
 - commit_granule_bytes: 65536.
 - commit_granule_words: 8192.
 - virtual_space_node_default_size: 8388608.
 - enlarge_chunks_in_place: 1.
 - new_chunks_are_fully_committed: 0.
 - uncommit_free_chunks: 1.
 - use_allocation_guard: 0.
 - handle_deallocations: 1.


Internal statistics:

num_allocs_failed_limit: 0.
num_arena_births: 54.
num_arena_deaths: 0.
num_vsnodes_births: 2.
num_vsnodes_deaths: 0.
num_space_committed: 218.
num_space_uncommitted: 0.
num_chunks_returned_to_freelist: 0.
num_chunks_taken_from_freelist: 221.
num_chunk_merges: 0.
num_chunk_splits: 150.
num_chunks_enlarged: 120.
num_inconsistent_stats: 0.

CodeHeap 'non-profiled nmethods': size=120000Kb used=573Kb max_used=573Kb free=119426Kb
 bounds [0x000001e097800000, 0x000001e097a70000, 0x000001e09ed30000]
CodeHeap 'profiled nmethods': size=120000Kb used=2678Kb max_used=2678Kb free=117321Kb
 bounds [0x000001e08fd30000, 0x000001e08ffd0000, 0x000001e097260000]
CodeHeap 'non-nmethods': size=5760Kb used=1157Kb max_used=1171Kb free=4602Kb
 bounds [0x000001e097260000, 0x000001e0974d0000, 0x000001e097800000]
 total_blobs=1912 nmethods=1462 adapters=364
 compilation: enabled
              stopped_count=0, restarted_count=0
 full_count=0

Compilation events (20 events):
Event: 3.825 Thread 0x000001e0a63258c0 1439       3       java.net.URL::isBuiltinStreamHandler (32 bytes)
Event: 3.827 Thread 0x000001e0a63258c0 nmethod 1439 0x000001e08ffb8e10 code [0x000001e08ffb9100, 0x000001e08ffba198]
Event: 3.827 Thread 0x000001e0a63258c0 1440       3       java.net.URL::isBuiltinStreamHandler (7 bytes)
Event: 3.828 Thread 0x000001e0a63258c0 nmethod 1440 0x000001e08ffba790 code [0x000001e08ffba940, 0x000001e08ffbab08]
Event: 3.846 Thread 0x000001e0a63258c0 1442       3       org.eclipse.osgi.internal.framework.EquinoxConfiguration$ConfigValues::internalGet (24 bytes)
Event: 3.847 Thread 0x000001e0a63258c0 nmethod 1442 0x000001e08ffbac10 code [0x000001e08ffbaec0, 0x000001e08ffbbae8]
Event: 3.871 Thread 0x000001e0a63258c0 1443       3       java.util.Collections::emptyIterator (4 bytes)
Event: 3.872 Thread 0x000001e0a63258c0 nmethod 1443 0x000001e08ffbbf10 code [0x000001e08ffbc0a0, 0x000001e08ffbc198]
Event: 3.897 Thread 0x000001e0a63258c0 1444       3       java.io.File::isAbsolute (8 bytes)
Event: 3.898 Thread 0x000001e0a63258c0 nmethod 1444 0x000001e08ffbc210 code [0x000001e08ffbc3c0, 0x000001e08ffbc528]
Event: 3.898 Thread 0x000001e0a63258c0 1445       3       java.io.WinNTFileSystem::isAbsolute (36 bytes)
Event: 3.899 Thread 0x000001e0a63258c0 nmethod 1445 0x000001e08ffbc610 code [0x000001e08ffbc820, 0x000001e08ffbceb8]
Event: 3.901 Thread 0x000001e0a63258c0 1447       3       java.net.URL::<init> (438 bytes)
Event: 3.907 Thread 0x000001e0a63258c0 nmethod 1447 0x000001e08ffbd190 code [0x000001e08ffbd940, 0x000001e08ffc1728]
Event: 3.959 Thread 0x000001e0a63258c0 1449       3       java.io.File::slashify (84 bytes)
Event: 3.960 Thread 0x000001e0a63258c0 nmethod 1449 0x000001e08ffc2d10 code [0x000001e08ffc3020, 0x000001e08ffc3ea8]
Event: 3.966 Thread 0x000001e0a63258c0 1450       3       sun.net.util.IPAddressUtil::scan (62 bytes)
Event: 3.967 Thread 0x000001e0a63258c0 nmethod 1450 0x000001e08ffc4410 code [0x000001e08ffc4640, 0x000001e08ffc4f28]
Event: 3.967 Thread 0x000001e0a63258c0 1451       3       java.lang.StringLatin1::toChars (16 bytes)
Event: 3.967 Thread 0x000001e0a63258c0 nmethod 1451 0x000001e08ffc5310 code [0x000001e08ffc54c0, 0x000001e08ffc5688]

GC Heap History (2 events):
Event: 2.495 GC heap before
{Heap before GC invocations=1 (full 0):
 PSYoungGen      total 29696K, used 25600K [0x00000000eab00000, 0x00000000ecc00000, 0x0000000100000000)
  eden space 25600K, 100% used [0x00000000eab00000,0x00000000ec400000,0x00000000ec400000)
  from space 4096K, 0% used [0x00000000ec800000,0x00000000ec800000,0x00000000ecc00000)
  to   space 4096K, 0% used [0x00000000ec400000,0x00000000ec400000,0x00000000ec800000)
 ParOldGen       total 68608K, used 0K [0x00000000c0000000, 0x00000000c4300000, 0x00000000eab00000)
  object space 68608K, 0% used [0x00000000c0000000,0x00000000c0000000,0x00000000c4300000)
 Metaspace       used 11013K, committed 11200K, reserved 1114112K
  class space    used 1098K, committed 1216K, reserved 1048576K
}
Event: 2.510 GC heap after
{Heap after GC invocations=1 (full 0):
 PSYoungGen      total 29696K, used 3156K [0x00000000eab00000, 0x00000000ecc00000, 0x0000000100000000)
  eden space 25600K, 0% used [0x00000000eab00000,0x00000000eab00000,0x00000000ec400000)
  from space 4096K, 77% used [0x00000000ec400000,0x00000000ec715278,0x00000000ec800000)
  to   space 4096K, 0% used [0x00000000ec800000,0x00000000ec800000,0x00000000ecc00000)
 ParOldGen       total 68608K, used 16K [0x00000000c0000000, 0x00000000c4300000, 0x00000000eab00000)
  object space 68608K, 0% used [0x00000000c0000000,0x00000000c0004000,0x00000000c4300000)
 Metaspace       used 11013K, committed 11200K, reserved 1114112K
  class space    used 1098K, committed 1216K, reserved 1048576K
}

Dll operation events (8 events):
Event: 0.029 Loaded shared library c:\Users\nosc\.vscode\extensions\redhat.java-1.30.0-win32-x64\jre\17.0.10-win32-x86_64\bin\java.dll
Event: 0.310 Loaded shared library c:\Users\nosc\.vscode\extensions\redhat.java-1.30.0-win32-x64\jre\17.0.10-win32-x86_64\bin\zip.dll
Event: 0.320 Loaded shared library C:\Users\nosc\.vscode\extensions\redhat.java-1.30.0-win32-x64\jre\17.0.10-win32-x86_64\bin\instrument.dll
Event: 0.354 Loaded shared library C:\Users\nosc\.vscode\extensions\redhat.java-1.30.0-win32-x64\jre\17.0.10-win32-x86_64\bin\net.dll
Event: 0.366 Loaded shared library C:\Users\nosc\.vscode\extensions\redhat.java-1.30.0-win32-x64\jre\17.0.10-win32-x86_64\bin\nio.dll
Event: 0.385 Loaded shared library C:\Users\nosc\.vscode\extensions\redhat.java-1.30.0-win32-x64\jre\17.0.10-win32-x86_64\bin\zip.dll
Event: 0.437 Loaded shared library C:\Users\nosc\.vscode\extensions\redhat.java-1.30.0-win32-x64\jre\17.0.10-win32-x86_64\bin\jimage.dll
Event: 0.639 Loaded shared library c:\Users\nosc\.vscode\extensions\redhat.java-1.30.0-win32-x64\jre\17.0.10-win32-x86_64\bin\verify.dll

Deoptimization events (20 events):
Event: 3.040 Thread 0x000001e08d097130 Uncommon trap: trap_request=0xffffffc6 fr.pc=0x000001e09782989c relative=0x000000000000027c
Event: 3.040 Thread 0x000001e08d097130 Uncommon trap: reason=bimorphic_or_optimized_type_check action=maybe_recompile pc=0x000001e09782989c method=java.util.Collections$UnmodifiableCollection$1.next()Ljava/lang/Object; @ 4 c2
Event: 3.040 Thread 0x000001e08d097130 DEOPT PACKING pc=0x000001e09782989c sp=0x000000d05c2f7e50
Event: 3.040 Thread 0x000001e08d097130 DEOPT UNPACKING pc=0x000001e0972b66a3 sp=0x000000d05c2f7e00 mode 2
Event: 3.601 Thread 0x000001e08d097130 Uncommon trap: trap_request=0xffffffde fr.pc=0x000001e097874158 relative=0x00000000000009b8
Event: 3.601 Thread 0x000001e08d097130 Uncommon trap: reason=class_check action=maybe_recompile pc=0x000001e097874158 method=java.util.HashMap.putVal(ILjava/lang/Object;Ljava/lang/Object;ZZ)Ljava/lang/Object; @ 253 c2
Event: 3.601 Thread 0x000001e08d097130 DEOPT PACKING pc=0x000001e097874158 sp=0x000000d05c2fdcb0
Event: 3.601 Thread 0x000001e08d097130 DEOPT UNPACKING pc=0x000001e0972b66a3 sp=0x000000d05c2fdbd8 mode 2
Event: 3.608 Thread 0x000001e08d097130 Uncommon trap: trap_request=0xffffffde fr.pc=0x000001e097874158 relative=0x00000000000009b8
Event: 3.608 Thread 0x000001e08d097130 Uncommon trap: reason=class_check action=maybe_recompile pc=0x000001e097874158 method=java.util.HashMap.putVal(ILjava/lang/Object;Ljava/lang/Object;ZZ)Ljava/lang/Object; @ 253 c2
Event: 3.608 Thread 0x000001e08d097130 DEOPT PACKING pc=0x000001e097874158 sp=0x000000d05c2fdcb0
Event: 3.608 Thread 0x000001e08d097130 DEOPT UNPACKING pc=0x000001e0972b66a3 sp=0x000000d05c2fdbd8 mode 2
Event: 3.611 Thread 0x000001e08d097130 Uncommon trap: trap_request=0xffffffde fr.pc=0x000001e09780dc98 relative=0x0000000000000698
Event: 3.611 Thread 0x000001e08d097130 Uncommon trap: reason=class_check action=maybe_recompile pc=0x000001e09780dc98 method=java.util.HashMap.putVal(ILjava/lang/Object;Ljava/lang/Object;ZZ)Ljava/lang/Object; @ 253 c2
Event: 3.611 Thread 0x000001e08d097130 DEOPT PACKING pc=0x000001e09780dc98 sp=0x000000d05c2fdb30
Event: 3.611 Thread 0x000001e08d097130 DEOPT UNPACKING pc=0x000001e0972b66a3 sp=0x000000d05c2fdad0 mode 2
Event: 3.700 Thread 0x000001e08d097130 DEOPT PACKING pc=0x000001e08fe39e80 sp=0x000000d05c2fcc90
Event: 3.700 Thread 0x000001e08d097130 DEOPT UNPACKING pc=0x000001e0972b6e43 sp=0x000000d05c2fc100 mode 0
Event: 3.706 Thread 0x000001e08d097130 DEOPT PACKING pc=0x000001e08fe4fce1 sp=0x000000d05c2fc5e0
Event: 3.706 Thread 0x000001e08d097130 DEOPT UNPACKING pc=0x000001e0972b6e43 sp=0x000000d05c2fba68 mode 0

Classes unloaded (0 events):
No events

Classes redefined (0 events):
No events

Internal exceptions (20 events):
Event: 1.394 Thread 0x000001e08d097130 Exception <a 'java/io/FileNotFoundException'{0x00000000eb871500}> (0x00000000eb871500) 
thrown [s\src\hotspot\share\prims\jni.cpp, line 516]
Event: 1.395 Thread 0x000001e08d097130 Exception <a 'java/io/FileNotFoundException'{0x00000000eb872230}> (0x00000000eb872230) 
thrown [s\src\hotspot\share\prims\jni.cpp, line 516]
Event: 1.403 Thread 0x000001e08d097130 Implicit null exception at 0x000001e097823872 to 0x000001e097823d90
Event: 1.412 Thread 0x000001e08d097130 Exception <a 'java/io/FileNotFoundException'{0x00000000eb8acb78}> (0x00000000eb8acb78) 
thrown [s\src\hotspot\share\prims\jni.cpp, line 516]
Event: 2.042 Thread 0x000001e08d097130 Exception <a 'java/lang/ClassNotFoundException'{0x00000000ec0b4748}: sun/net/www/protocol/c/Handler> (0x00000000ec0b4748) 
thrown [s\src\hotspot\share\classfile\systemDictionary.cpp, line 256]
Event: 2.045 Thread 0x000001e08d097130 Exception <a 'java/lang/ClassNotFoundException'{0x00000000ec0b5a70}: sun/net/www/protocol/d/Handler> (0x00000000ec0b5a70) 
thrown [s\src\hotspot\share\classfile\systemDictionary.cpp, line 256]
Event: 2.046 Thread 0x000001e08d097130 Exception <a 'java/lang/ClassNotFoundException'{0x00000000ec0b6bc0}: sun/net/www/protocol/c/Handler> (0x00000000ec0b6bc0) 
thrown [s\src\hotspot\share\classfile\systemDictionary.cpp, line 256]
Event: 2.083 Thread 0x000001e08d097130 Exception <a 'java/io/FileNotFoundException'{0x00000000ec0dafa8}> (0x00000000ec0dafa8) 
thrown [s\src\hotspot\share\prims\jni.cpp, line 516]
Event: 2.269 Thread 0x000001e08d097130 Implicit null exception at 0x000001e09785135b to 0x000001e097851d18
Event: 2.269 Thread 0x000001e08d097130 Implicit null exception at 0x000001e0978433ec to 0x000001e0978435c8
Event: 2.269 Thread 0x000001e08d097130 Implicit null exception at 0x000001e097841bec to 0x000001e097841dd0
Event: 2.269 Thread 0x000001e08d097130 Implicit null exception at 0x000001e09783fc0f to 0x000001e09783fc85
Event: 2.440 Thread 0x000001e08d097130 Exception <a 'java/lang/NoSuchMethodError'{0x00000000ec3b09f0}: 'int java.lang.invoke.DirectMethodHandle$Holder.invokeStaticInit(java.lang.Object, java.lang.Object, java.lang.Object, java.lang.Object)'> (0x00000000ec3b09f0) 
thrown [s\src\hotspot\share\interpreter\linkResolver.cpp, line 759]
Event: 2.443 Thread 0x000001e08d097130 Exception <a 'java/lang/NoSuchMethodError'{0x00000000ec3bb060}: 'java.lang.Object java.lang.invoke.DirectMethodHandle$Holder.invokeInterface(java.lang.Object, java.lang.Object)'> (0x00000000ec3bb060) 
thrown [s\src\hotspot\share\interpreter\linkResolver.cpp, line 759]
Event: 2.444 Thread 0x000001e08d097130 Exception <a 'java/lang/IncompatibleClassChangeError'{0x00000000ec3be858}: Found class java.lang.Object, but interface was expected> (0x00000000ec3be858) 
thrown [s\src\hotspot\share\interpreter\linkResolver.cpp, line 826]
Event: 2.447 Thread 0x000001e08d097130 Exception <a 'java/lang/NoSuchMethodError'{0x00000000ec3c2d48}: 'void java.lang.invoke.DirectMethodHandle$Holder.invokeStatic(java.lang.Object, java.lang.Object)'> (0x00000000ec3c2d48) 
thrown [s\src\hotspot\share\interpreter\linkResolver.cpp, line 759]
Event: 2.448 Thread 0x000001e08d097130 Exception <a 'java/lang/NoSuchMethodError'{0x00000000ec3c6548}: 'void java.lang.invoke.DirectMethodHandle$Holder.invokeStaticInit(java.lang.Object, java.lang.Object)'> (0x00000000ec3c6548) 
thrown [s\src\hotspot\share\interpreter\linkResolver.cpp, line 759]
Event: 2.481 Thread 0x000001e08d097130 Exception <a 'java/lang/NoSuchMethodError'{0x00000000ec3cd9d8}: 'int java.lang.invoke.DirectMethodHandle$Holder.invokeStaticInit(java.lang.Object, java.lang.Object)'> (0x00000000ec3cd9d8) 
thrown [s\src\hotspot\share\interpreter\linkResolver.cpp, line 759]
Event: 2.622 Thread 0x000001e08d097130 Exception <a 'java/lang/NoSuchMethodError'{0x00000000eabfa3f0}: 'void java.lang.invoke.DirectMethodHandle$Holder.invokeSpecial(java.lang.Object, java.lang.Object, java.lang.Object)'> (0x00000000eabfa3f0) 
thrown [s\src\hotspot\share\interpreter\linkResolver.cpp, line 759]
Event: 3.539 Thread 0x000001e08d097130 Exception <a 'java/lang/NoSuchMethodError'{0x00000000eb8a7ea0}: 'java.lang.Object java.lang.invoke.DirectMethodHandle$Holder.newInvokeSpecial(java.lang.Object, int, java.lang.Object)'> (0x00000000eb8a7ea0) 
thrown [s\src\hotspot\share\interpreter\linkResolver.cpp, line 759]

VM Operations (20 events):
Event: 1.347 Executing VM operation: HandshakeAllThreads
Event: 1.347 Executing VM operation: HandshakeAllThreads done
Event: 1.347 Executing VM operation: Cleanup
Event: 1.347 Executing VM operation: Cleanup done
Event: 1.372 Executing VM operation: HandshakeAllThreads
Event: 1.372 Executing VM operation: HandshakeAllThreads done
Event: 2.381 Executing VM operation: Cleanup
Event: 2.381 Executing VM operation: Cleanup done
Event: 2.495 Executing VM operation: ParallelGCFailedAllocation
Event: 2.510 Executing VM operation: ParallelGCFailedAllocation done
Event: 3.448 Executing VM operation: HandshakeAllThreads
Event: 3.448 Executing VM operation: HandshakeAllThreads done
Event: 3.449 Executing VM operation: HandshakeAllThreads
Event: 3.449 Executing VM operation: HandshakeAllThreads done
Event: 3.476 Executing VM operation: HandshakeAllThreads
Event: 3.476 Executing VM operation: HandshakeAllThreads done
Event: 3.524 Executing VM operation: HandshakeAllThreads
Event: 3.524 Executing VM operation: HandshakeAllThreads done
Event: 3.524 Executing VM operation: Cleanup
Event: 3.524 Executing VM operation: Cleanup done

Events (20 events):
Event: 3.624 loading class java/net/ContentHandlerFactory
Event: 3.625 loading class java/net/ContentHandlerFactory done
Event: 3.636 loading class java/net/ContentHandler
Event: 3.636 loading class java/net/ContentHandler done
Event: 3.683 loading class javax/xml/parsers/ParserConfigurationException
Event: 3.684 loading class javax/xml/parsers/ParserConfigurationException done
Event: 3.691 loading class java/security/KeyStoreException
Event: 3.691 loading class java/security/KeyStoreException done
Event: 3.750 loading class java/util/LinkedList$Node
Event: 3.750 loading class java/util/LinkedList$Node done
Event: 3.751 loading class java/util/LinkedList$ListItr
Event: 3.751 loading class java/util/LinkedList$ListItr done
Event: 3.778 loading class sun/nio/fs/WindowsChannelFactory
Event: 3.778 loading class sun/nio/fs/WindowsChannelFactory done
Event: 3.778 loading class sun/nio/fs/WindowsChannelFactory$1
Event: 3.778 loading class sun/nio/fs/WindowsChannelFactory$1 done
Event: 3.778 loading class sun/nio/fs/WindowsChannelFactory$Flags
Event: 3.779 loading class sun/nio/fs/WindowsChannelFactory$Flags done
Event: 3.779 loading class sun/nio/ch/FileChannelImpl$Closer
Event: 3.779 loading class sun/nio/ch/FileChannelImpl$Closer done


Dynamic libraries:
0x00007ff682860000 - 0x00007ff68286e000 	c:\Users\nosc\.vscode\extensions\redhat.java-1.30.0-win32-x64\jre\17.0.10-win32-x86_64\bin\java.exe
0x00007ffb7a0f0000 - 0x00007ffb7a2e8000 	C:\WINDOWS\SYSTEM32\ntdll.dll
0x00007ffb78160000 - 0x00007ffb7821d000 	C:\WINDOWS\System32\KERNEL32.DLL
0x00007ffb778d0000 - 0x00007ffb77bc6000 	C:\WINDOWS\System32\KERNELBASE.dll
0x00007ffb78020000 - 0x00007ffb78120000 	C:\WINDOWS\System32\ucrtbase.dll
0x00007ffb42a70000 - 0x00007ffb42a8b000 	c:\Users\nosc\.vscode\extensions\redhat.java-1.30.0-win32-x64\jre\17.0.10-win32-x86_64\bin\VCRUNTIME140.dll
0x00007ffb63380000 - 0x00007ffb63397000 	c:\Users\nosc\.vscode\extensions\redhat.java-1.30.0-win32-x64\jre\17.0.10-win32-x86_64\bin\jli.dll
0x00007ffb79db0000 - 0x00007ffb79f4f000 	C:\WINDOWS\System32\USER32.dll
0x00007ffb654d0000 - 0x00007ffb6576a000 	C:\WINDOWS\WinSxS\amd64_microsoft.windows.common-controls_6595b64144ccf1df_6.0.19041.3636_none_60b6a03d71f818d5\COMCTL32.dll
0x00007ffb7a010000 - 0x00007ffb7a0ae000 	C:\WINDOWS\System32\msvcrt.dll
0x00007ffb77ff0000 - 0x00007ffb78012000 	C:\WINDOWS\System32\win32u.dll
0x00007ffb799d0000 - 0x00007ffb799fb000 	C:\WINDOWS\System32\GDI32.dll
0x00007ffb77dd0000 - 0x00007ffb77ee7000 	C:\WINDOWS\System32\gdi32full.dll
0x00007ffb777a0000 - 0x00007ffb7783d000 	C:\WINDOWS\System32\msvcp_win.dll
0x00007ffb78120000 - 0x00007ffb78152000 	C:\WINDOWS\System32\IMM32.DLL
0x00007ffb67420000 - 0x00007ffb6742c000 	c:\Users\nosc\.vscode\extensions\redhat.java-1.30.0-win32-x64\jre\17.0.10-win32-x86_64\bin\vcruntime140_1.dll
0x00007ffb27600000 - 0x00007ffb2768d000 	c:\Users\nosc\.vscode\extensions\redhat.java-1.30.0-win32-x64\jre\17.0.10-win32-x86_64\bin\msvcp140.dll
0x00007ffb171e0000 - 0x00007ffb17e42000 	c:\Users\nosc\.vscode\extensions\redhat.java-1.30.0-win32-x64\jre\17.0.10-win32-x86_64\bin\server\jvm.dll
0x00007ffb791e0000 - 0x00007ffb79290000 	C:\WINDOWS\System32\ADVAPI32.dll
0x00007ffb79010000 - 0x00007ffb790b0000 	C:\WINDOWS\System32\sechost.dll
0x00007ffb786a0000 - 0x00007ffb787c3000 	C:\WINDOWS\System32\RPCRT4.dll
0x00007ffb77da0000 - 0x00007ffb77dc7000 	C:\WINDOWS\System32\bcrypt.dll
0x00007ffb76ce0000 - 0x00007ffb76d2b000 	C:\WINDOWS\SYSTEM32\POWRPROF.dll
0x00007ffb5b6a0000 - 0x00007ffb5b6a9000 	C:\WINDOWS\SYSTEM32\WSOCK32.dll
0x00007ffb79a80000 - 0x00007ffb79aeb000 	C:\WINDOWS\System32\WS2_32.dll
0x00007ffb6c9e0000 - 0x00007ffb6ca07000 	C:\WINDOWS\SYSTEM32\WINMM.dll
0x00007ffb6dbc0000 - 0x00007ffb6dbca000 	C:\WINDOWS\SYSTEM32\VERSION.dll
0x00007ffb76ba0000 - 0x00007ffb76bb2000 	C:\WINDOWS\SYSTEM32\UMPDC.dll
0x00007ffb75610000 - 0x00007ffb75622000 	C:\WINDOWS\SYSTEM32\kernel.appcore.dll
0x00007ffb644a0000 - 0x00007ffb644aa000 	c:\Users\nosc\.vscode\extensions\redhat.java-1.30.0-win32-x64\jre\17.0.10-win32-x86_64\bin\jimage.dll
0x00007ffb66090000 - 0x00007ffb66274000 	C:\WINDOWS\SYSTEM32\DBGHELP.DLL
0x00007ffb63fa0000 - 0x00007ffb63fd4000 	C:\WINDOWS\SYSTEM32\dbgcore.DLL
0x00007ffb77840000 - 0x00007ffb778c2000 	C:\WINDOWS\System32\bcryptPrimitives.dll
0x00007ffb435b0000 - 0x00007ffb435be000 	c:\Users\nosc\.vscode\extensions\redhat.java-1.30.0-win32-x64\jre\17.0.10-win32-x86_64\bin\instrument.dll
0x00007ffb3a0d0000 - 0x00007ffb3a0f5000 	c:\Users\nosc\.vscode\extensions\redhat.java-1.30.0-win32-x64\jre\17.0.10-win32-x86_64\bin\java.dll
0x00007ffb3e480000 - 0x00007ffb3e498000 	c:\Users\nosc\.vscode\extensions\redhat.java-1.30.0-win32-x64\jre\17.0.10-win32-x86_64\bin\zip.dll
0x00007ffb788a0000 - 0x00007ffb7900b000 	C:\WINDOWS\System32\SHELL32.dll
0x00007ffb75810000 - 0x00007ffb75fae000 	C:\WINDOWS\SYSTEM32\windows.storage.dll
0x00007ffb79290000 - 0x00007ffb795e3000 	C:\WINDOWS\System32\combase.dll
0x00007ffb771d0000 - 0x00007ffb771fe000 	C:\WINDOWS\SYSTEM32\Wldp.dll
0x00007ffb79750000 - 0x00007ffb7981d000 	C:\WINDOWS\System32\OLEAUT32.dll
0x00007ffb787d0000 - 0x00007ffb7887d000 	C:\WINDOWS\System32\SHCORE.dll
0x00007ffb79d50000 - 0x00007ffb79da5000 	C:\WINDOWS\System32\shlwapi.dll
0x00007ffb776d0000 - 0x00007ffb776f3000 	C:\WINDOWS\SYSTEM32\profapi.dll
0x00007ffb39fa0000 - 0x00007ffb39fb9000 	C:\Users\nosc\.vscode\extensions\redhat.java-1.30.0-win32-x64\jre\17.0.10-win32-x86_64\bin\net.dll
0x00007ffb6d6c0000 - 0x00007ffb6d7ca000 	C:\WINDOWS\SYSTEM32\WINHTTP.dll
0x00007ffb76f30000 - 0x00007ffb76f9a000 	C:\WINDOWS\system32\mswsock.dll
0x00007ffb38750000 - 0x00007ffb38766000 	C:\Users\nosc\.vscode\extensions\redhat.java-1.30.0-win32-x64\jre\17.0.10-win32-x86_64\bin\nio.dll
0x00007ffb3e590000 - 0x00007ffb3e5a0000 	c:\Users\nosc\.vscode\extensions\redhat.java-1.30.0-win32-x64\jre\17.0.10-win32-x86_64\bin\verify.dll

dbghelp: loaded successfully - version: 4.0.5 - missing functions: none
symbol engine: initialized successfully - sym options: 0x614 - pdb path: .;c:\Users\nosc\.vscode\extensions\redhat.java-1.30.0-win32-x64\jre\17.0.10-win32-x86_64\bin;C:\WINDOWS\SYSTEM32;C:\WINDOWS\WinSxS\amd64_microsoft.windows.common-controls_6595b64144ccf1df_6.0.19041.3636_none_60b6a03d71f818d5;c:\Users\nosc\.vscode\extensions\redhat.java-1.30.0-win32-x64\jre\17.0.10-win32-x86_64\bin\server

VM Arguments:
jvm_args: --add-modules=ALL-SYSTEM --add-opens=java.base/java.util=ALL-UNNAMED --add-opens=java.base/java.lang=ALL-UNNAMED --add-opens=java.base/sun.nio.fs=ALL-UNNAMED -Declipse.application=org.eclipse.jdt.ls.core.id1 -Dosgi.bundles.defaultStartLevel=4 -Declipse.product=org.eclipse.jdt.ls.core.product -Djava.import.generatesMetadataFilesAtProjectRoot=false -DDetectVMInstallationsJob.disabled=true -Dfile.encoding=utf8 -XX:+UseParallelGC -XX:GCTimeRatio=4 -XX:AdaptiveSizePolicyWeight=90 -Dsun.zip.disableMemoryMapping=true -Xmx1G -Xms100m -Xlog:disable -javaagent:c:\Users\nosc\.vscode\extensions\redhat.java-1.30.0-win32-x64\lombok\lombok-1.18.32.jar 
java_command: c:\Users\nosc\.vscode\extensions\redhat.java-1.30.0-win32-x64\server\plugins\org.eclipse.equinox.launcher_1.6.800.v20240330-1250.jar -configuration c:\Users\nosc\AppData\Roaming\Code\User\globalStorage\redhat.java\1.30.0\config_ss_win -data c:\Users\nosc\AppData\Roaming\Code\User\workspaceStorage\8458d2a7a5878bf279f96ee59e36062e\redhat.java\ss_ws --pipe=\\.\pipe\lsp-21394c55fb43dd7235abced0d3aedbab-sock
java_class_path (initial): c:\Users\nosc\.vscode\extensions\redhat.java-1.30.0-win32-x64\server\plugins\org.eclipse.equinox.launcher_1.6.800.v20240330-1250.jar
Launcher Type: SUN_STANDARD

[Global flags]
    uintx AdaptiveSizePolicyWeight                 = 90                                        {product} {command line}
     intx CICompilerCount                          = 4                                         {product} {ergonomic}
    uintx GCTimeRatio                              = 4                                         {product} {command line}
   size_t InitialHeapSize                          = 104857600                                 {product} {command line}
   size_t MaxHeapSize                              = 1073741824                                {product} {command line}
   size_t MaxNewSize                               = 357564416                                 {product} {ergonomic}
   size_t MinHeapDeltaBytes                        = 524288                                    {product} {ergonomic}
   size_t MinHeapSize                              = 104857600                                 {product} {command line}
   size_t NewSize                                  = 34603008                                  {product} {ergonomic}
    uintx NonNMethodCodeHeapSize                   = 5839372                                {pd product} {ergonomic}
    uintx NonProfiledCodeHeapSize                  = 122909434                              {pd product} {ergonomic}
   size_t OldSize                                  = 70254592                                  {product} {ergonomic}
    uintx ProfiledCodeHeapSize                     = 122909434                              {pd product} {ergonomic}
    uintx ReservedCodeCacheSize                    = 251658240                              {pd product} {ergonomic}
     bool SegmentedCodeCache                       = true                                      {product} {ergonomic}
   size_t SoftMaxHeapSize                          = 1073741824                             {manageable} {ergonomic}
     bool UseCompressedClassPointers               = true                           {product lp64_product} {ergonomic}
     bool UseCompressedOops                        = true                           {product lp64_product} {ergonomic}
     bool UseLargePagesIndividualAllocation        = false                                  {pd product} {ergonomic}
     bool UseParallelGC                            = true                                      {product} {command line}

Logging:
Log output configuration:
 #0: stdout all=off uptime,level,tags
 #1: stderr all=off uptime,level,tags

Environment Variables:
JAVA_HOME=C:\Program Files\Java\jdk-19
PATH=C:\Program Files\Common Files\Oracle\Java\javapath;D:\WINDOWS.X64_193000_db_home\bin;C:\Windows\system32;C:\Windows;C:\Windows\System32\Wbem;C:\Windows\System32\WindowsPowerShell\v1.0\;C:\Windows\System32\OpenSSH\;C:\Program Files (x86)\NVIDIA Corporation\PhysX\Common;C:\Program Files\NVIDIA Corporation\NVIDIA NvDLISR;C:\Program Files\Microsoft SQL Server\130\Tools\Binn\;C:\Program Files\Microsoft SQL Server\Client SDK\ODBC\170\Tools\Binn\;C:\WINDOWS\system32;C:\WINDOWS;C:\WINDOWS\System32\Wbem;C:\WINDOWS\System32\WindowsPowerShell\v1.0\;C:\WINDOWS\System32\OpenSSH\;C:\Program Files (x86)\Microsoft SQL Server\150\DTS\Binn\;C:\Program Files\Azure Data Studio\bin;C:\Program Files (x86)\Microsoft SQL Server\150\Tools\Binn\;C:\Program Files\Microsoft SQL Server\150\Tools\Binn\;C:\Program Files\Microsoft SQL Server\150\DTS\Binn\;C:\Program Files\dotnet\;C:\Program Files (x86)\Windows Kits\10\Windows Performance Toolkit\;C:\Program Files\nodejs\;C:\Users\nosc\AppData\Local\Android\Sdk\platform-tools;C:\Program Files\Java\jdk-19\bin;C:\Users\nosc\AppData\Local\Microsoft\WindowsApps;C:\Users\nosc\AppData\Local\Programs\Microsoft VS Code\bin;C:\Users\nosc\AppData\Roaming\npm;C:\Users\nosc\.dotnet\tools;D:\Git\cmd
USERNAME=nosc
OS=Windows_NT
PROCESSOR_IDENTIFIER=AMD64 Family 23 Model 96 Stepping 1, AuthenticAMD
TMP=C:\Users\nosc\AppData\Local\Temp
TEMP=C:\Users\nosc\AppData\Local\Temp



Periodic native trim disabled


---------------  S Y S T E M  ---------------

OS:
 Windows 10 , 64 bit Build 19041 (10.0.19041.3636)
OS uptime: 0 days 21:19 hours

CPU: total 12 (initial active 12) (12 cores per cpu, 2 threads per core) family 23 model 96 stepping 1 microcode 0x0, cx8, cmov, fxsr, ht, mmx, 3dnowpref, sse, sse2, sse3, ssse3, sse4a, sse4.1, sse4.2, popcnt, lzcnt, tsc, tscinvbit, avx, avx2, aes, clmul, bmi1, bmi2, adx, sha, fma, vzeroupper, clflush, clflushopt
Processor Information for all 12 processors :
  Max Mhz: 3000, Current Mhz: 3000, Mhz Limit: 3000

Memory: 4k page, system-wide physical 7599M (81M free)
TotalPageFile size 31151M (AvailPageFile size 0M)
current process WorkingSet (physical memory assigned to process): 74M, peak: 74M
current process commit charge ("private bytes"): 209M, peak: 210M

vm_info: OpenJDK 64-Bit Server VM (17.0.10+7) for windows-amd64 JRE (17.0.10+7), built on Jan 16 2024 23:25:11 by "admin" with MS VC++ 16.10 / 16.11 (VS2019)

END.
